Base path: C:/Program Files (x86)/Unity/Editor/Data
Pipe name: \\.\pipe\UnityShaderCompiler-1-9416
Cmd: getPlatforms
Cmd: preprocess
  insize=824 outsize=824 ok=1
Cmd: preprocess
  insize=3325 outsize=1181 ok=1
Cmd: compileSnippet
  api=4 type=0 insize=2380 outsize=990 kw= ok=1
Cmd: compileSnippet
  api=4 type=1 insize=2380 outsize=2233 kw= ok=1
Cmd: preprocess
  insize=317 outsize=317 ok=1
Cmd: preprocess
  insize=747 outsize=747 ok=1
Cmd: preprocess
  insize=328 outsize=328 ok=1
Cmd: preprocess
  insize=2350 outsize=1082 ok=1
Cmd: compileSnippet
  api=4 type=0 insize=1515 outsize=1274 kw=SOFTPARTICLES_OFF ok=1
Cmd: compileSnippet
  api=4 type=1 insize=1515 outsize=908 kw=SOFTPARTICLES_OFF ok=1
Cmd: preprocess
  insize=1691 outsize=1141 ok=1
Cmd: compileSnippet
  api=4 type=0 insize=817 outsize=876 kw= ok=1
Cmd: compileSnippet
  api=4 type=1 insize=817 outsize=754 kw= ok=1
Cmd: preprocess
  insize=2440 outsize=1155 ok=1
Cmd: compileSnippet
  api=4 type=0 insize=1527 outsize=1363 kw= ok=1
Cmd: compileSnippet
  api=4 type=1 insize=1527 outsize=1485 kw= ok=1
Cmd: preprocess
  insize=630 outsize=630 ok=1
Cmd: preprocess
  insize=667 outsize=667 ok=1
Cmd: preprocess
  insize=1551 outsize=865 ok=1
Cmd: compileSnippet
  api=4 type=0 insize=952 outsize=1274 kw= ok=1
Cmd: compileSnippet
  api=4 type=1 insize=952 outsize=811 kw= ok=1
Cmd: preprocess
  insize=889 outsize=889 ok=1
Cmd: preprocess
  insize=2211 outsize=687 ok=1
Cmd: compileSnippet
  api=4 type=0 insize=1761 outsize=1136 kw= ok=1
Cmd: compileSnippet
  api=4 type=1 insize=1761 outsize=2826 kw= ok=1
Cmd: preprocess
  insize=969 outsize=969 ok=1
Cmd: preprocess
  insize=3105 outsize=1735 ok=1
Cmd: compileSnippet
  api=4 type=0 insize=1612 outsize=2005 kw= ok=1
Cmd: compileSnippet
  api=4 type=1 insize=1612 outsize=2070 kw= ok=1
Cmd: preprocess
  insize=2702 outsize=1124 ok=1
Cmd: compileSnippet
  api=4 type=0 insize=1825 outsize=990 kw= ok=1
Cmd: compileSnippet
  api=4 type=1 insize=1825 outsize=1583 kw= ok=1
Cmd: preprocess
  insize=522 outsize=519 ok=1
Cmd: preprocess
  insize=762 outsize=1416 ok=1
Cmd: compileSnippet
  api=4 type=0 insize=4478 outsize=2615 kw=DIRECTIONAL SHADOWS_OFF LIGHTMAP_OFF DIRLIGHTMAP_OFF ok=1
Cmd: compileSnippet
  api=4 type=1 insize=4478 outsize=1485 kw=DIRECTIONAL SHADOWS_OFF LIGHTMAP_OFF DIRLIGHTMAP_OFF ok=1
Cmd: compileSnippet
  api=4 type=0 insize=2441 outsize=2883 kw=POINT ok=1
Cmd: compileSnippet
  api=4 type=1 insize=2441 outsize=1786 kw=POINT ok=1
Cmd: compileSnippet
  api=4 type=0 insize=2100 outsize=1705 kw= ok=1
Cmd: compileSnippet
  api=4 type=1 insize=2100 outsize=1063 kw= ok=1
Cmd: compileSnippet
  api=4 type=0 insize=4178 outsize=2891 kw=LIGHTMAP_OFF DIRLIGHTMAP_OFF HDR_LIGHT_PREPASS_OFF ok=1
Cmd: compileSnippet
  api=4 type=1 insize=4178 outsize=1428 kw=LIGHTMAP_OFF DIRLIGHTMAP_OFF HDR_LIGHT_PREPASS_OFF ok=1
Cmd: preprocess
  insize=2418 outsize=2013 ok=1
Cmd: compileSnippet
  api=4 type=0 insize=5928 outsize=3110 kw=DIRECTIONAL SHADOWS_OFF LIGHTMAP_OFF DIRLIGHTMAP_OFF ok=1
Cmd: compileSnippet
  api=4 type=1 insize=5928 outsize=2826 kw=DIRECTIONAL SHADOWS_OFF LIGHTMAP_OFF DIRLIGHTMAP_OFF ok=1
Cmd: compileSnippet
  api=4 type=0 insize=3848 outsize=3378 kw=POINT ok=1
Cmd: compileSnippet
  api=4 type=1 insize=3848 outsize=2485 kw=POINT ok=1
Cmd: compileSnippet
  api=4 type=0 insize=3272 outsize=1948 kw= ok=1
Cmd: compileSnippet
  api=4 type=1 insize=3272 outsize=730 kw= ok=1
Cmd: compileSnippet
  api=4 type=0 insize=5589 outsize=3387 kw=LIGHTMAP_OFF DIRLIGHTMAP_OFF HDR_LIGHT_PREPASS_OFF ok=1
Cmd: compileSnippet
  api=4 type=1 insize=5589 outsize=2737 kw=LIGHTMAP_OFF DIRLIGHTMAP_OFF HDR_LIGHT_PREPASS_OFF ok=1
Cmd: preprocess
  insize=655 outsize=1287 ok=1
Cmd: compileSnippet
  api=4 type=0 insize=4367 outsize=2607 kw=DIRECTIONAL SHADOWS_OFF LIGHTMAP_OFF DIRLIGHTMAP_OFF ok=1
Cmd: compileSnippet
  api=4 type=1 insize=4367 outsize=1307 kw=DIRECTIONAL SHADOWS_OFF LIGHTMAP_OFF DIRLIGHTMAP_OFF ok=1
Cmd: compileSnippet
  api=4 type=0 insize=2343 outsize=2875 kw=POINT ok=1
Cmd: compileSnippet
  api=4 type=1 insize=2343 outsize=1607 kw=POINT ok=1
Cmd: compileSnippet
  api=4 type=0 insize=1871 outsize=1477 kw= ok=1
Cmd: compileSnippet
  api=4 type=1 insize=1871 outsize=632 kw= ok=1
Cmd: compileSnippet
  api=4 type=0 insize=4084 outsize=2883 kw=LIGHTMAP_OFF DIRLIGHTMAP_OFF HDR_LIGHT_PREPASS_OFF ok=1
Cmd: compileSnippet
  api=4 type=1 insize=4084 outsize=1250 kw=LIGHTMAP_OFF DIRLIGHTMAP_OFF HDR_LIGHT_PREPASS_OFF ok=1
Cmd: preprocess
  insize=485 outsize=485 ok=1
Cmd: preprocess
  insize=373 outsize=373 ok=1
Cmd: preprocess
  insize=2315 outsize=1018 ok=1
Cmd: compileSnippet
  api=4 type=0 insize=1542 outsize=1274 kw=SOFTPARTICLES_OFF ok=1
Cmd: compileSnippet
  api=4 type=1 insize=1542 outsize=852 kw=SOFTPARTICLES_OFF ok=1
Cmd: preprocess
  insize=590 outsize=590 ok=1
Cmd: preprocess
  insize=385 outsize=385 ok=1
Cmd: preprocess
  insize=3934 outsize=1248 ok=1
Cmd: compileSnippet
  api=4 type=0 insize=2900 outsize=4223 kw= ok=1
Cmd: compileSnippet
  api=4 type=1 insize=2900 outsize=1485 kw= ok=1
